2025-03-17 21:39:48,713 INFO main control - pipeline log is pipeline.log
2025-03-17 21:39:48,713 INFO main experiment - output generated by /users/todd/liu839/devel/repos/OCMS_Shotgun/ocmsshotgun/pipeline_prokka.py make full -p 5 -v 5 \
                                              job started at Mon Mar 17 21:39:48 2025 on compe024.hpc.in.bmrc.ox.ac.uk -- c0521056-e531-48cc-9732-0a26e40c2463 \
                                              pid: 3767528, system: Linux 4.18.0-553.40.1.el8_10.x86_64 #1 SMP Thu Feb 13 13:28:49 UTC 2025 x86_64
2025-03-17 21:39:48,713 INFO main experiment - always_mount                            : False \
                                              cluster_memory_default                  : unlimited \
                                              cluster_memory_resource                 : None \
                                              cluster_num_jobs                        : None \
                                              cluster_options                         : None \
                                              cluster_parallel_environment            : None \
                                              cluster_priority                        : None \
                                              cluster_queue                           : None \
                                              cluster_queue_manager                   : sge \
                                              config_file                             : pipeline.yml \
                                              debug                                   : False \
                                              dry_run                                 : False \
                                              engine                                  : local \
                                              exceptions_terminate_immediately        : None \
                                              force_run                               : False \
                                              input_globs                             : [] \
                                              input_validation                        : False \
                                              is_test                                 : False \
                                              log_config_filename                     : None \
                                              log_exceptions                          : True \
                                              loglevel                                : 5 \
                                              multiprocess                            : 5 \
                                              only_info                               : False \
                                              pipeline_action                         : None \
                                              pipeline_format                         : svg \
                                              pipeline_logfile                        : pipeline.log \
                                              pipeline_targets                        : [] \
                                              random_seed                             : None \
                                              ruffus_checksums_level                  : 0 \
                                              shell_logfile                           : None \
                                              short_help                              : None \
                                              stderr                                  : <_io.TextIOWrapper name='<stderr>' mode='w' encoding='utf-8'> \
                                              stdin                                   : <_io.TextIOWrapper name='<stdin>' mode='r' encoding='utf-8'> \
                                              stdlog                                  : <_io.TextIOWrapper name='<stdout>' mode='w' encoding='utf-8'> \
                                              stdout                                  : <_io.TextIOWrapper name='<stdout>' mode='w' encoding='utf-8'> \
                                              terminate                               : None \
                                              timeit_file                             : None \
                                              timeit_header                           : None \
                                              timeit_name                             : all \
                                              tracing                                 : None \
                                              variables_to_set                        : [] \
                                              without_cluster                         : False \
                                              work_dir                                : None
2025-03-17 21:39:48,716 INFO main control - started in directory: /gpfs3/users/todd/liu839/devel/repos/OCMS_Shotgun
2025-03-17 21:39:48,716 INFO main control - output generated by /users/todd/liu839/devel/repos/OCMS_Shotgun/ocmsshotgun/pipeline_prokka.py make full -p 5 -v 5 \
                                           job started at Mon Mar 17 21:39:48 2025 on compe024.hpc.in.bmrc.ox.ac.uk -- c0521056-e531-48cc-9732-0a26e40c2463 \
                                           pid: 3767528, system: Linux 4.18.0-553.40.1.el8_10.x86_64 #1 SMP Thu Feb 13 13:28:49 UTC 2025 x86_64
2025-03-17 21:39:48,716 INFO main control - cluster                                 : {'queue': 'short', 'priority': -10, 'num_jobs': 100, 'memory_resource': 'mem_free', 'memory_default': 'unlimited', 'memory_ulimit': False, 'options': '', 'parallel_environment': 'dedicated', 'queue_manager': 'sge', 'tmpdir': False} \
                                           cluster_memory_default                  : 4G \
                                           cluster_memory_resource                 : mem_free \
                                           cluster_memory_ulimit                   : False \
                                           cluster_num_jobs                        : 100 \
                                           cluster_options                         :  \
                                           cluster_parallel_environment            : dedicated \
                                           cluster_priority                        : -10 \
                                           cluster_queue                           : short \
                                           cluster_queue_manager                   : slurm \
                                           cluster_tmpdir                          : False \
                                           database                                : {'url': 'sqlite:///./csvdb'} \
                                           database_url                            : sqlite:///./csvdb \
                                           dryrun                                  : False \
                                           input_globs                             : {} \
                                           jobs_limit_R                            : 1 \
                                           jobs_limit_db                           : 10 \
                                           os                                      : Linux \
                                           pipeline_name                           : /users/todd/liu839/devel/repos/OCMS_Shotgun/ocmsshotgun/pipeline_prokka.py \
                                           pipeline_yml                            : ['/users/todd/liu839/.cgat.yml'] \
                                           pipelinedir                             : /users/todd/liu839/devel/repos/OCMS_Shotgun/ocmsshotgun \
                                           ruffus_checksums_level                  : 0 \
                                           scriptsdir                              : /gpfs3/users/todd/liu839/devel/repos/cgat-core/scripts \
                                           shared_tmpdir                           : /gpfs3/users/todd/liu839/devel/repos/OCMS_Shotgun \
                                           shell_logfile                           : None \
                                           start_dir                               : /gpfs3/users/todd/liu839/devel/repos/OCMS_Shotgun \
                                           testing                                 : False \
                                           tmpdir                                  : /tmp/slurm-33897758 \
                                           toolsdir                                : /gpfs3/users/todd/liu839/devel/repos/cgat-core/scripts \
                                           work_dir                                : /gpfs3/users/todd/liu839/devel/repos/OCMS_Shotgun
2025-03-17 21:39:48,761 INFO main control - code location: /gpfs3/users/todd/liu839/devel/repos/cgat-core/cgatcore/pipeline
2025-03-17 21:39:48,761 INFO main control - code version: 94aaad1b197763a68ce677168cde058800fcf49b
2025-03-17 21:39:48,761 INFO main control - working directory is: /gpfs3/users/todd/liu839/devel/repos/OCMS_Shotgun
2025-03-17 21:39:48,761 INFO main control - changing directory to /gpfs3/users/todd/liu839/devel/repos/OCMS_Shotgun
2025-03-17 21:39:48,761 INFO main control - pipeline has been initialized
2025-03-17 21:39:48,761 DEBUG main control - starting run_workflow with action make
2025-03-17 21:39:48,761 INFO main control - temporary directory is /tmp/slurm-33897758
2025-03-17 21:39:48,778 INFO main control - current directory is /gpfs3/users/todd/liu839/devel/repos/OCMS_Shotgun
2025-03-17 21:39:48,780 INFO main task - 
2025-03-17 21:39:48,780 INFO main task - ________________________________________
2025-03-17 21:39:48,780 INFO main task - Tasks which will be run:
2025-03-17 21:39:48,780 INFO main task - 
2025-03-17 21:39:48,780 INFO main task - 
2025-03-17 21:39:48,781 INFO main task - Task enters queue = "mkdir('prokka_output.dir')   before run_prokka " 
2025-03-17 21:39:48,781 INFO main task -     Make missing directories [/gpfs3/users/todd/liu839/devel/repos/OCMS_Shotgun/prokka_output.dir]
2025-03-17 21:39:48,781 INFO main task -     Make directories [prokka_output.dir] : Directories 'prokka_output.dir' is missing 
2025-03-17 21:39:48,983 INFO main task -     Make directories [prokka_output.dir] completed
2025-03-17 21:39:48,983 INFO main control - {"task": "\"mkdir('prokka_output.dir')   before run_prokka \"", "task_status": "completed", "task_total": 0, "task_completed": 0, "task_completed_percent": 0}
2025-03-17 21:39:48,983 INFO main task - Completed Task = "mkdir('prokka_output.dir')   before run_prokka " 
2025-03-17 21:39:48,983 INFO main task - Task enters queue = 'run_prokka' 
2025-03-17 21:39:48,983 INFO main task -     Expects single end to be fastq.gz and paired end fastq files to be  in format fastq.1.gz, fastq.2.gz
2025-03-17 21:39:48,983 INFO main control - {"task": "'run_prokka'", "task_status": "uptodate", "task_total": 0, "task_completed": 0, "task_completed_percent": 0}
2025-03-17 21:39:48,983 INFO main task - Uptodate Task = 'run_prokka'
2025-03-17 21:39:48,983 INFO main task - Task enters queue = 'full' 
2025-03-17 21:39:48,983 INFO main task -     Job no function to check if up-to-date 
2025-03-17 21:39:49,184 INFO main task -     Job completed
2025-03-17 21:39:49,184 INFO main control - {"task": "'full'", "task_status": "completed", "task_total": 0, "task_completed": 0, "task_completed_percent": 0}
2025-03-17 21:39:49,184 INFO main task - Completed Task = 'full' 
2025-03-17 21:39:49,185 INFO main experiment - job finished in 0 seconds at Mon Mar 17 21:39:49 2025 --  0.50  0.21  0.00  0.02 -- c0521056-e531-48cc-9732-0a26e40c2463
